<?xml version="1.0" encoding="UTF-8"?>
<testsuite xmlns:xsi="http://www.w3.org/2001/XMLSchema-instance" xsi:noNamespaceSchemaLocation="https://maven.apache.org/surefire/maven-surefire-plugin/xsd/surefire-test-report.xsd" name="com.lab.html_editor.utils.visitor.html_visitor.VisitorTest" time="0" tests="3" errors="0" skipped="0" failures="0">
  <properties>
[...]
</properties>
  <testcase name="testCount" classname="com.lab.html_editor.utils.visitor.html_visitor.VisitorTest" time="0"/>
  <testcase name="testTextVisitor" classname="com.lab.html_editor.utils.visitor.html_visitor.VisitorTest" time="0"/>
  <testcase name="testUpdate" classname="com.lab.html_editor.utils.visitor.html_visitor.VisitorTest" time="0"/>
</testsuite>